<?xml version="1.0" encoding="UTF-8"?>
<!-- Generated by org.testng.reporters.JUnitReportReporter -->
<testsuite hostname="DESKTOP-FMACLJN" failures="0" tests="4" name="testscript.T9_Profile" time="62.370" errors="0" timestamp="2023-03-16T16:55:48 IST" skipped="0">
  <testcase classname="testscript.T9_Profile" name="Profile" time="9.400"/>
  <system-out/>
  <testcase classname="testscript.T9_Profile" name="AddProfile" time="11.059"/>
  <system-out/>
  <testcase classname="testscript.T9_Profile" name="Organisation" time="4.036"/>
  <system-out/>
  <testcase classname="testscript.T9_Profile" name="Billing" time="37.875"/>
  <system-out/>
</testsuite> <!-- testscript.T9_Profile -->
