<?xml version="1.0" encoding="UTF-8"?>
<!-- Generated by org.testng.reporters.JUnitReportReporter -->
<testsuite hostname="DESKTOP-FMACLJN" failures="0" tests="1" name="testscript.T3_googlesign" time="10.929" errors="0" timestamp="2023-03-16T16:55:48 IST" skipped="0">
  <testcase classname="testscript.T3_googlesign" name="connectWgoogle" time="10.929"/>
  <system-out/>
</testsuite> <!-- testscript.T3_googlesign -->
