<?xml version="1.0" encoding="UTF-8"?>
<!-- Generated by org.testng.reporters.JUnitReportReporter -->
<testsuite hostname="DESKTOP-FMACLJN" failures="0" tests="1" name="testscript.T001Signup" time="6.495" errors="0" timestamp="2023-01-02T17:00:58 IST" skipped="0">
  <testcase classname="testscript.T001Signup" name="Loginp" time="6.495"/>
  <system-out/>
</testsuite> <!-- testscript.T001Signup -->
