<?xml version="1.0" encoding="UTF-8"?>
<!-- Generated by org.testng.reporters.JUnitReportReporter -->
<testsuite hostname="DESKTOP-44CB39I" failures="0" tests="1" name="testscript.T2signinlocal" time="43.639" errors="0" timestamp="2023-03-19T16:10:58 IST" skipped="0">
  <testcase classname="testscript.T2signinlocal" name="signin" time="43.639"/>
  <system-out/>
</testsuite> <!-- testscript.T2signinlocal -->
