<?xml version="1.0" encoding="UTF-8"?>
<!-- Generated by org.testng.reporters.JUnitReportReporter -->
<testsuite hostname="DESKTOP-FMACLJN" failures="0" tests="1" name="testscript.T002_Locallysignin" time="48.747" errors="0" timestamp="2023-01-16T18:37:33 IST" skipped="0">
  <testcase classname="testscript.T002_Locallysignin" name="signin" time="48.747"/>
  <system-out/>
</testsuite> <!-- testscript.T002_Locallysignin -->
