<?xml version="1.0" encoding="UTF-8"?>
<!-- Generated by org.testng.reporters.JUnitReportReporter -->
<testsuite hostname="DESKTOP-FMACLJN" failures="0" tests="1" name="testscript.T002_Locallysignin" time="43.879" errors="0" timestamp="2023-02-13T12:38:38 IST" skipped="0">
  <testcase classname="testscript.T002_Locallysignin" name="signin" time="43.879"/>
  <system-out/>
</testsuite> <!-- testscript.T002_Locallysignin -->
