<?xml version="1.0" encoding="UTF-8"?>
<!-- Generated by org.testng.reporters.JUnitReportReporter -->
<testsuite hostname="DESKTOP-FMACLJN" failures="0" tests="1" name="testscript.T003_Organisation_Detail" time="14.028" errors="0" timestamp="2023-01-02T17:00:58 IST" skipped="0">
  <testcase classname="testscript.T003_Organisation_Detail" name="ORGDetails" time="14.028"/>
  <system-out/>
</testsuite> <!-- testscript.T003_Organisation_Detail -->
