<?xml version="1.0" encoding="UTF-8"?>
<!-- Generated by org.testng.reporters.JUnitReportReporter -->
<testsuite hostname="DESKTOP-44CB39I" failures="0" tests="1" name="testscript.bdhhd" time="0.315" errors="0" timestamp="2023-03-29T22:23:34 IST" skipped="0">
  <testcase classname="testscript.bdhhd" name="test" time="0.315"/>
  <system-out/>
</testsuite> <!-- testscript.bdhhd -->
