<?xml version="1.0" encoding="UTF-8"?>
<!-- Generated by org.testng.reporters.JUnitReportReporter -->
<testsuite hostname="DESKTOP-FMACLJN" failures="0" tests="6" name="testscript.T006_Library" time="73.249" errors="0" timestamp="2023-02-20T14:31:41 IST" skipped="0">
  <testcase classname="testscript.T006_Library" name="Librarys" time="4.228"/>
  <system-out/>
  <testcase classname="testscript.T006_Library" name="Filter" time="32.013"/>
  <system-out/>
  <testcase classname="testscript.T006_Library" name="Uploadimage" time="13.193"/>
  <system-out/>
  <testcase classname="testscript.T006_Library" name="AssitViewPage_Properties" time="6.845"/>
  <system-out/>
  <testcase classname="testscript.T006_Library" name="AssitViewPage_Control" time="16.456"/>
  <system-out/>
  <testcase classname="testscript.T006_Library" name="RaiseTck" time="0.514"/>
  <system-out/>
</testsuite> <!-- testscript.T006_Library -->
