<?xml version="1.0" encoding="UTF-8"?>
<!-- Generated by org.testng.reporters.JUnitReportReporter -->
<testsuite hostname="DESKTOP-FMACLJN" failures="0" tests="1" name="testscript.T3googlesign" time="10.308" errors="0" timestamp="2023-03-17T14:37:57 IST" skipped="0">
  <testcase classname="testscript.T3googlesign" name="connectWgoogle" time="10.308"/>
  <system-out/>
</testsuite> <!-- testscript.T3googlesign -->
