<?xml version="1.0" encoding="UTF-8"?>
<!-- Generated by org.testng.reporters.JUnitReportReporter -->
<testsuite hostname="DESKTOP-44CB39I" failures="0" tests="1" name="testscript.TC_003DD" time="3.006" errors="0" timestamp="2023-03-31T20:25:29 IST" skipped="0">
  <testcase classname="testscript.TC_003DD" name="dd" time="3.006"/>
  <system-out/>
</testsuite> <!-- testscript.TC_003DD -->
