<?xml version="1.0" encoding="UTF-8"?>
<!-- Generated by org.testng.reporters.JUnitReportReporter -->
<testsuite hostname="DESKTOP-44CB39I" failures="0" tests="1" name="testscript.TC_002DD" time="54.311" errors="0" timestamp="2023-04-02T22:48:38 IST" skipped="0">
  <testcase classname="testscript.TC_002DD" name="Invalid_EmailorPass_Error" time="54.311"/>
  <system-out/>
</testsuite> <!-- testscript.TC_002DD -->
