<?xml version="1.0" encoding="UTF-8"?>
<!-- Generated by org.testng.reporters.JUnitReportReporter -->
<testsuite hostname="DESKTOP-FMACLJN" failures="0" tests="6" name="testscript.T006_Librari" time="0.002" errors="0" timestamp="2023-02-25T12:40:15 IST" skipped="6">
  <testcase classname="testscript.T006_Librari" name="Librarys" time="0.000">
    <skipped/>
  </testcase> <!-- Librarys -->
  <system-out/>
  <testcase classname="testscript.T006_Librari" name="Filter" time="0.001">
    <skipped/>
  </testcase> <!-- Filter -->
  <system-out/>
  <testcase classname="testscript.T006_Librari" name="Uploadimage" time="0.000">
    <skipped/>
  </testcase> <!-- Uploadimage -->
  <system-out/>
  <testcase classname="testscript.T006_Librari" name="AssitViewPage_Properties" time="0.001">
    <skipped/>
  </testcase> <!-- AssitViewPage_Properties -->
  <system-out/>
  <testcase classname="testscript.T006_Librari" name="AssitViewPage_Control" time="0.000">
    <skipped/>
  </testcase> <!-- AssitViewPage_Control -->
  <system-out/>
  <testcase classname="testscript.T006_Librari" name="RaiseTck" time="0.000">
    <skipped/>
  </testcase> <!-- RaiseTck -->
  <system-out/>
</testsuite> <!-- testscript.T006_Librari -->
