<?xml version="1.0" encoding="UTF-8"?>
<!-- Generated by org.testng.reporters.JUnitReportReporter -->
<testsuite hostname="DESKTOP-FMACLJN" failures="0" tests="1" name="testscript.T005_CGoogle" time="8.026" errors="0" timestamp="2023-01-02T17:55:49 IST" skipped="0">
  <testcase classname="testscript.T005_CGoogle" name="connectWgoogle" time="8.026"/>
  <system-out/>
</testsuite> <!-- testscript.T005_CGoogle -->
