<?xml version="1.0" encoding="UTF-8"?>
<!-- Generated by org.testng.reporters.JUnitReportReporter -->
<testsuite hostname="DESKTOP-FMACLJN" failures="0" tests="1" name="testscript.T8_CoustomeOrder" time="6.737" errors="0" timestamp="2023-03-02T16:29:39 IST" skipped="0">
  <testcase classname="testscript.T8_CoustomeOrder" name="CsutomeOrder" time="6.737"/>
  <system-out/>
</testsuite> <!-- testscript.T8_CoustomeOrder -->
