<?xml version="1.0" encoding="UTF-8"?>
<!-- Generated by org.testng.reporters.JUnitReportReporter -->
<testsuite hostname="DESKTOP-FMACLJN" failures="0" tests="1" name="testscript.T004_SignUp_wGoogle" time="27.368" errors="0" timestamp="2023-01-16T18:37:33 IST" skipped="0">
  <testcase classname="testscript.T004_SignUp_wGoogle" name="SignupWGoogle" time="27.368"/>
  <system-out/>
</testsuite> <!-- testscript.T004_SignUp_wGoogle -->
