<?xml version="1.0" encoding="UTF-8"?>
<!-- Generated by org.testng.reporters.JUnitReportReporter -->
<testsuite hostname="DESKTOP-44CB39I" failures="0" tests="1" name="testscript.TC_002DD2" time="55.052" errors="0" timestamp="2023-04-03T18:11:25 IST" skipped="0">
  <testcase classname="testscript.TC_002DD2" name="Invalid_EmailorPass_Error" time="55.052"/>
  <system-out/>
</testsuite> <!-- testscript.TC_002DD2 -->
