<?xml version="1.0" encoding="UTF-8"?>
<!-- Generated by org.testng.reporters.JUnitReportReporter -->
<testsuite hostname="DESKTOP-FMACLJN" failures="0" tests="4" name="testscript.T9profile" time="75.531" errors="0" timestamp="2023-03-17T14:37:57 IST" skipped="0">
  <testcase classname="testscript.T9profile" name="Profile" time="21.456"/>
  <system-out/>
  <testcase classname="testscript.T9profile" name="AddProfile" time="11.157"/>
  <system-out/>
  <testcase classname="testscript.T9profile" name="Organisation" time="4.258"/>
  <system-out/>
  <testcase classname="testscript.T9profile" name="Billing" time="38.660"/>
  <system-out/>
</testsuite> <!-- testscript.T9profile -->
