<?xml version="1.0" encoding="UTF-8"?>
<!-- Generated by org.testng.reporters.JUnitReportReporter -->
<testsuite hostname="DESKTOP-FMACLJN" failures="0" tests="1" name="testscript.T003_Googlesignin" time="15.055" errors="0" timestamp="2023-01-31T16:06:58 IST" skipped="0">
  <testcase classname="testscript.T003_Googlesignin" name="connectWgoogle" time="15.055"/>
  <system-out/>
</testsuite> <!-- testscript.T003_Googlesignin -->
