<?xml version="1.0" encoding="UTF-8"?>
<!-- Generated by org.testng.reporters.JUnitReportReporter -->
<testsuite hostname="DESKTOP-44CB39I" failures="0" tests="1" name="testscript.hhddg" time="71.455" errors="0" timestamp="2023-03-30T23:32:29 IST" skipped="0">
  <testcase classname="testscript.hhddg" name="tests" time="71.455"/>
  <system-out/>
</testsuite> <!-- testscript.hhddg -->
