<?xml version="1.0" encoding="UTF-8"?>
<!-- Generated by org.testng.reporters.JUnitReportReporter -->
<testsuite hostname="DESKTOP-FMACLJN" failures="0" tests="1" name="testscript.T007_Ap" time="46.628" errors="0" timestamp="2023-02-20T18:03:06 IST" skipped="0">
  <testcase classname="testscript.T007_Ap" name="AddProject" time="46.628"/>
  <system-out/>
</testsuite> <!-- testscript.T007_Ap -->
