<?xml version="1.0" encoding="UTF-8"?>
<!-- Generated by org.testng.reporters.JUnitReportReporter -->
<testsuite hostname="DESKTOP-FMACLJN" failures="0" tests="1" name="testscript.T002_VerifyOtp" time="31.316" errors="0" timestamp="2023-01-09T16:59:45 IST" skipped="0">
  <testcase classname="testscript.T002_VerifyOtp" name="verifyOtp" time="31.316"/>
  <system-out/>
</testsuite> <!-- testscript.T002_VerifyOtp -->
